Setting up Parameter Scan
Loading data
Data succesfully loaded
Starting parameter scan for: Group group_0, sampling strategy None and offset True
--------------------------

Method: Least squares GD
Ranked 1
Parameters
 {'gamma': 0.1, 'degree': 6, 'max_iters': 100, 'offset': True}
With validation accuracy 0.8292023797519411 std 0.004025983761066927


Ranked 2
Parameters
 {'gamma': 0.1, 'degree': 3, 'max_iters': 100, 'offset': True}
With validation accuracy 0.8276696581627508 std 0.0030440401188073


Ranked 3
Parameters
 {'gamma': 0.1, 'degree': 4, 'max_iters': 100, 'offset': True}
With validation accuracy 0.8258646768175859 std 0.0054734495278761595


Ranked 4
Parameters
 {'gamma': 0.1, 'degree': 2, 'max_iters': 100, 'offset': True}
With validation accuracy 0.8233840879298174 std 0.005076316578821507


Ranked 5
Parameters
 {'gamma': 0.1, 'degree': 5, 'max_iters': 100, 'offset': True}
With validation accuracy 0.8232025814258345 std 0.0039186021116233


--------------------------

Method: Least squares SGD
Ranked 1
Parameters
 {'gamma': 0.01, 'degree': 1, 'max_iters': 100, 'offset': True}
With validation accuracy 0.6308056872037915 std 0.05101877777365924


Ranked 2
Parameters
 {'gamma': 1e-06, 'degree': 9, 'max_iters': 100, 'offset': True}
With validation accuracy 0.5618432993848946 std 0.0036529706191771364


Ranked 3
Parameters
 {'gamma': 1e-07, 'degree': 9, 'max_iters': 100, 'offset': True}
With validation accuracy 0.5614097005142685 std 0.003511240364319899


Ranked 4
Parameters
 {'gamma': 1e-05, 'degree': 8, 'max_iters': 100, 'offset': True}
With validation accuracy 0.5593627104971262 std 0.011124906689040683


Ranked 5
Parameters
 {'gamma': 0.0001, 'degree': 9, 'max_iters': 100, 'offset': True}
With validation accuracy 0.559362710497126 std 0.010292711217647316


--------------------------

Method: Least squares
Ranked 1
Parameters
 {'degree': 9, 'offset': True}
With validation accuracy 0.8448119390944842 std 0.002662362749017922


Ranked 2
Parameters
 {'degree': 8, 'offset': True}
With validation accuracy 0.844781688010487 std 0.0026265266443115205


Ranked 3
Parameters
 {'degree': 7, 'offset': True}
With validation accuracy 0.8440959967732177 std 0.0030307164582011655


Ranked 4
Parameters
 {'degree': 6, 'offset': True}
With validation accuracy 0.8432287990319652 std 0.0032779918530770587


Ranked 5
Parameters
 {'degree': 5, 'offset': True}
With validation accuracy 0.8426237773520218 std 0.0031221372452800455


--------------------------

Method: Ridge Regression
Ranked 1
Parameters
 {'lambda_': 1e-08, 'degree': 9, 'offset': True}
With validation accuracy 0.8439850761318949 std 0.0028944946503322326


Ranked 2
Parameters
 {'lambda_': 1e-07, 'degree': 9, 'offset': True}
With validation accuracy 0.8438943228799033 std 0.0028623131702248464


Ranked 3
Parameters
 {'lambda_': 1e-08, 'degree': 8, 'offset': True}
With validation accuracy 0.8438035696279116 std 0.003183957528253869


Ranked 4
Parameters
 {'lambda_': 1e-07, 'degree': 8, 'offset': True}
With validation accuracy 0.843793485933246 std 0.0029027032127171043


Ranked 5
Parameters
 {'lambda_': 1e-08, 'degree': 7, 'offset': True}
With validation accuracy 0.8436623979025916 std 0.0031713820892174133


--------------------------

Method: Logistic Regression
Ranked 1
Parameters
 {'gamma': 1e-05, 'degree': 9, 'max_iters': 100, 'offset': True, 'initial_w': None}
With validation accuracy 0.8411717253201573 std 0.0025982689524412755


Ranked 2
Parameters
 {'gamma': 1e-05, 'degree': 8, 'max_iters': 100, 'offset': True, 'initial_w': None}
With validation accuracy 0.8405465362508823 std 0.002535121860195385


Ranked 3
Parameters
 {'gamma': 1e-05, 'degree': 7, 'max_iters': 100, 'offset': True, 'initial_w': None}
With validation accuracy 0.8403448623575678 std 0.0027271873740668663


Ranked 4
Parameters
 {'gamma': 1e-05, 'degree': 5, 'max_iters': 100, 'offset': True, 'initial_w': None}
With validation accuracy 0.8402440254109106 std 0.0026098269369639036


Ranked 5
Parameters
 {'gamma': 1e-05, 'degree': 6, 'max_iters': 100, 'offset': True, 'initial_w': None}
With validation accuracy 0.8401633558535847 std 0.0026212563798667307


--------------------------

Method: Regularized Logistic Regression

Fixing the learning rate gamma to the values of the best from logistic - otherwise too long
Ranked 1
Parameters
 {'gamma': 1e-05, 'lambda_': 0.001, 'degree': 9, 'max_iters': 100, 'offset': True, 'initial_w': None}
With validation accuracy 0.8411717253201573 std 0.0025982689524412755


Ranked 2
Parameters
 {'gamma': 1e-05, 'lambda_': 0.0001, 'degree': 9, 'max_iters': 100, 'offset': True, 'initial_w': None}
With validation accuracy 0.8411717253201573 std 0.0025982689524412755


Ranked 3
Parameters
 {'gamma': 1e-05, 'lambda_': 1e-05, 'degree': 9, 'max_iters': 100, 'offset': True, 'initial_w': None}
With validation accuracy 0.8411717253201573 std 0.0025982689524412755


Ranked 4
Parameters
 {'gamma': 1e-05, 'lambda_': 1e-06, 'degree': 9, 'max_iters': 100, 'offset': True, 'initial_w': None}
With validation accuracy 0.8411717253201573 std 0.0025982689524412755


Ranked 5
Parameters
 {'gamma': 1e-05, 'lambda_': 1e-07, 'degree': 9, 'max_iters': 100, 'offset': True, 'initial_w': None}
With validation accuracy 0.8411717253201573 std 0.0025982689524412755


--------------------------
Best method: Least square

--------------------------
Starting parameter scan for: Group group_0, sampling strategy under and offset True
--------------------------

Method: Least squares GD
Ranked 1
Parameters
 {'gamma': 0.1, 'degree': 3, 'max_iters': 100, 'offset': True}
With validation accuracy 0.7959494171112429 std 0.005581542339943397


Ranked 2
Parameters
 {'gamma': 0.1, 'degree': 6, 'max_iters': 100, 'offset': True}
With validation accuracy 0.7940920766646908 std 0.0046839110205216025


Ranked 3
Parameters
 {'gamma': 0.1, 'degree': 5, 'max_iters': 100, 'offset': True}
With validation accuracy 0.79355858525983 std 0.004300282809273833


Ranked 4
Parameters
 {'gamma': 0.1, 'degree': 2, 'max_iters': 100, 'offset': True}
With validation accuracy 0.7929855759731278 std 0.003792275626993353


Ranked 5
Parameters
 {'gamma': 0.1, 'degree': 4, 'max_iters': 100, 'offset': True}
With validation accuracy 0.7907923335309227 std 0.0072788570029085975


--------------------------

Method: Least squares SGD
Ranked 1
Parameters
 {'gamma': 0.01, 'degree': 1, 'max_iters': 100, 'offset': True}
With validation accuracy 0.6334716459197788 std 0.03925032921206589


Ranked 2
Parameters
 {'gamma': 0.01, 'degree': 2, 'max_iters': 100, 'offset': True}
With validation accuracy 0.5973325429756965 std 0.038118750947643124


Ranked 3
Parameters
 {'gamma': 0.1, 'degree': 8, 'max_iters': 100, 'offset': True}
With validation accuracy 0.5659948626753606 std 0.06778373727934715


Ranked 4
Parameters
 {'gamma': 0.1, 'degree': 2, 'max_iters': 100, 'offset': True}
With validation accuracy 0.5558190081011658 std 0.11820592158918271


Ranked 5
Parameters
 {'gamma': 0.01, 'degree': 3, 'max_iters': 100, 'offset': True}
With validation accuracy 0.550642165579925 std 0.0758790823367121


--------------------------

Method: Least squares
Ranked 1
Parameters
 {'degree': 8, 'offset': True}
With validation accuracy 0.8117368109069354 std 0.002653589719691679


Ranked 2
Parameters
 {'degree': 6, 'offset': True}
With validation accuracy 0.8116577751432523 std 0.0021523645708193912


Ranked 3
Parameters
 {'degree': 7, 'offset': True}
With validation accuracy 0.8115787393795693 std 0.0026972220925884005


Ranked 4
Parameters
 {'degree': 9, 'offset': True}
With validation accuracy 0.8115787393795693 std 0.0033546003445491615


Ranked 5
Parameters
 {'degree': 5, 'offset': True}
With validation accuracy 0.8108871764473424 std 0.0020623261478982624


--------------------------

Method: Ridge Regression
Ranked 1
Parameters
 {'lambda_': 1e-07, 'degree': 8, 'offset': True}
With validation accuracy 0.8123690970163999 std 0.002584118984275322


Ranked 2
Parameters
 {'lambda_': 1e-08, 'degree': 8, 'offset': True}
With validation accuracy 0.812191266548113 std 0.002593619730979703


Ranked 3
Parameters
 {'lambda_': 1e-08, 'degree': 6, 'offset': True}
With validation accuracy 0.8121517486662715 std 0.00219368741825751


Ranked 4
Parameters
 {'lambda_': 1e-07, 'degree': 9, 'offset': True}
With validation accuracy 0.8120924718435092 std 0.0024336406619564683


Ranked 5
Parameters
 {'lambda_': 1e-08, 'degree': 9, 'offset': True}
With validation accuracy 0.8120924718435092 std 0.0024424480759316163


--------------------------

Method: Logistic Regression
Ranked 1
Parameters
 {'gamma': 1e-05, 'degree': 9, 'max_iters': 100, 'offset': True, 'initial_w': None}
With validation accuracy 0.8056905749851808 std 0.0023796197142579795


Ranked 2
Parameters
 {'gamma': 1e-05, 'degree': 8, 'max_iters': 100, 'offset': True, 'initial_w': None}
With validation accuracy 0.8049397352301917 std 0.00251536828013423


Ranked 3
Parameters
 {'gamma': 1e-05, 'degree': 7, 'max_iters': 100, 'offset': True, 'initial_w': None}
With validation accuracy 0.804742145820984 std 0.002348406445311356


Ranked 4
Parameters
 {'gamma': 1e-05, 'degree': 6, 'max_iters': 100, 'offset': True, 'initial_w': None}
With validation accuracy 0.8043864848844102 std 0.0021216723486340355


Ranked 5
Parameters
 {'gamma': 1e-05, 'degree': 3, 'max_iters': 100, 'offset': True, 'initial_w': None}
With validation accuracy 0.8042284133570441 std 0.0022689253030560956


--------------------------

Method: Regularized Logistic Regression

Fixing the learning rate gamma to the values of the best from logistic - otherwise too long
Ranked 1
Parameters
 {'gamma': 1e-05, 'lambda_': 0.1, 'degree': 9, 'max_iters': 100, 'offset': True, 'initial_w': None}
With validation accuracy 0.8056905749851808 std 0.0023796197142579795


Ranked 2
Parameters
 {'gamma': 1e-05, 'lambda_': 0.001, 'degree': 9, 'max_iters': 100, 'offset': True, 'initial_w': None}
With validation accuracy 0.8056905749851808 std 0.0023796197142579795


Ranked 3
Parameters
 {'gamma': 1e-05, 'lambda_': 0.0001, 'degree': 9, 'max_iters': 100, 'offset': True, 'initial_w': None}
With validation accuracy 0.8056905749851808 std 0.0023796197142579795


Ranked 4
Parameters
 {'gamma': 1e-05, 'lambda_': 1e-05, 'degree': 9, 'max_iters': 100, 'offset': True, 'initial_w': None}
With validation accuracy 0.8056905749851808 std 0.0023796197142579795


Ranked 5
Parameters
 {'gamma': 1e-05, 'lambda_': 1e-06, 'degree': 9, 'max_iters': 100, 'offset': True, 'initial_w': None}
With validation accuracy 0.8056905749851808 std 0.0023796197142579795


--------------------------
Best method: Ridge Regression

--------------------------
Starting parameter scan for: Group group_0, sampling strategy over and offset True
--------------------------

Method: Least squares GD
Ranked 1
Parameters
 {'gamma': 0.1, 'degree': 2, 'max_iters': 100, 'offset': True}
With validation accuracy 0.7965206796182225 std 0.0036509271130201956


Ranked 2
Parameters
 {'gamma': 0.1, 'degree': 4, 'max_iters': 100, 'offset': True}
With validation accuracy 0.7942056454342381 std 0.005232943478070302


Ranked 3
Parameters
 {'gamma': 0.1, 'degree': 6, 'max_iters': 100, 'offset': True}
With validation accuracy 0.7934542746903134 std 0.0036937615450520138


Ranked 4
Parameters
 {'gamma': 0.1, 'degree': 5, 'max_iters': 100, 'offset': True}
With validation accuracy 0.7929533608610303 std 0.005496355517823529


Ranked 5
Parameters
 {'gamma': 0.1, 'degree': 3, 'max_iters': 100, 'offset': True}
With validation accuracy 0.790205103905774 std 0.0032941698810399506


--------------------------

Method: Least squares SGD
Ranked 1
Parameters
 {'gamma': 0.01, 'degree': 1, 'max_iters': 100, 'offset': True}
With validation accuracy 0.6258309077370879 std 0.02847576561514594


Ranked 2
Parameters
 {'gamma': 0.01, 'degree': 2, 'max_iters': 100, 'offset': True}
With validation accuracy 0.585114736343329 std 0.04685202436309672


Ranked 3
Parameters
 {'gamma': 0.01, 'degree': 3, 'max_iters': 100, 'offset': True}
With validation accuracy 0.5847559737358694 std 0.06628117947494534


Ranked 4
Parameters
 {'gamma': 0.01, 'degree': 4, 'max_iters': 100, 'offset': True}
With validation accuracy 0.5651932579706221 std 0.06963642507243753


Ranked 5
Parameters
 {'gamma': 0.1, 'degree': 3, 'max_iters': 100, 'offset': True}
With validation accuracy 0.5371150071075611 std 0.07917979796119744


--------------------------

Method: Least squares
Ranked 1
Parameters
 {'degree': 8, 'offset': True}
With validation accuracy 0.8123333107696474 std 0.0020800438915991523


Ranked 2
Parameters
 {'degree': 6, 'offset': True}
With validation accuracy 0.8120151627969945 std 0.0021408360595152865


Ranked 3
Parameters
 {'degree': 7, 'offset': True}
With validation accuracy 0.81192716442158 std 0.0018133624606625673


Ranked 4
Parameters
 {'degree': 5, 'offset': True}
With validation accuracy 0.8101875042306912 std 0.0024842157175094847


Ranked 5
Parameters
 {'degree': 9, 'offset': True}
With validation accuracy 0.8093549042171528 std 0.0050600775090343195


--------------------------

Method: Ridge Regression
Ranked 1
Parameters
 {'lambda_': 1e-08, 'degree': 9, 'offset': True}
With validation accuracy 0.8118120896229609 std 0.0018907991908426439


Ranked 2
Parameters
 {'lambda_': 1e-07, 'degree': 9, 'offset': True}
With validation accuracy 0.8118120896229609 std 0.0017946940818758996


Ranked 3
Parameters
 {'lambda_': 1e-08, 'degree': 7, 'offset': True}
With validation accuracy 0.8117850131997562 std 0.002133181423899821


Ranked 4
Parameters
 {'lambda_': 1e-08, 'degree': 6, 'offset': True}
With validation accuracy 0.8117782440939552 std 0.001950324931618238


Ranked 5
Parameters
 {'lambda_': 1e-08, 'degree': 8, 'offset': True}
With validation accuracy 0.8116360928721317 std 0.0020249245698130036


--------------------------

Method: Logistic Regression
Ranked 1
Parameters
 {'gamma': 1e-05, 'degree': 5, 'max_iters': 100, 'offset': True, 'initial_w': None}
With validation accuracy 0.8064644960400733 std 0.0017682013497410298


Ranked 2
Parameters
 {'gamma': 1e-05, 'degree': 4, 'max_iters': 100, 'offset': True, 'initial_w': None}
With validation accuracy 0.8060109659513979 std 0.0014539560247298527


Ranked 3
Parameters
 {'gamma': 1e-05, 'degree': 3, 'max_iters': 100, 'offset': True, 'initial_w': None}
With validation accuracy 0.8057943545657619 std 0.0019684019623557565


Ranked 4
Parameters
 {'gamma': 1e-05, 'degree': 6, 'max_iters': 100, 'offset': True, 'initial_w': None}
With validation accuracy 0.8045623773099573 std 0.0013574715559580665


Ranked 5
Parameters
 {'gamma': 1e-05, 'degree': 7, 'max_iters': 100, 'offset': True, 'initial_w': None}
With validation accuracy 0.8034590130643743 std 0.0014386539665518186


--------------------------

Method: Regularized Logistic Regression

Fixing the learning rate gamma to the values of the best from logistic - otherwise too long
Ranked 1
Parameters
 {'gamma': 1e-05, 'lambda_': 1e-05, 'degree': 5, 'max_iters': 100, 'offset': True, 'initial_w': None}
With validation accuracy 0.8064644960400733 std 0.0017682013497410298


Ranked 2
Parameters
 {'gamma': 1e-05, 'lambda_': 0.1, 'degree': 5, 'max_iters': 100, 'offset': True, 'initial_w': None}
With validation accuracy 0.8064644960400733 std 0.0017682013497410298


Ranked 3
Parameters
 {'gamma': 1e-05, 'lambda_': 0.01, 'degree': 5, 'max_iters': 100, 'offset': True, 'initial_w': None}
With validation accuracy 0.8064644960400733 std 0.0017682013497410298


Ranked 4
Parameters
 {'gamma': 1e-05, 'lambda_': 0.001, 'degree': 5, 'max_iters': 100, 'offset': True, 'initial_w': None}
With validation accuracy 0.8064644960400733 std 0.0017682013497410298


Ranked 5
Parameters
 {'gamma': 1e-05, 'lambda_': 0.0001, 'degree': 5, 'max_iters': 100, 'offset': True, 'initial_w': None}
With validation accuracy 0.8064644960400733 std 0.0017682013497410298


--------------------------
Best method: Least square

--------------------------
Starting parameter scan for: Group group_0, sampling strategy None and offset False
--------------------------

Method: Least squares GD
Ranked 1
Parameters
 {'gamma': 0.1, 'degree': 3, 'max_iters': 100, 'offset': False}
With validation accuracy 0.7365029746899263 std 0.0063948753174794745


Ranked 2
Parameters
 {'gamma': 0.1, 'degree': 2, 'max_iters': 100, 'offset': False}
With validation accuracy 0.7344459009781183 std 0.010511495989294269


Ranked 3
Parameters
 {'gamma': 0.1, 'degree': 4, 'max_iters': 100, 'offset': False}
With validation accuracy 0.7340828879701522 std 0.008001359297118685


Ranked 4
Parameters
 {'gamma': 0.1, 'degree': 1, 'max_iters': 100, 'offset': False}
With validation accuracy 0.7337299586568518 std 0.007719883283817948


Ranked 5
Parameters
 {'gamma': 0.1, 'degree': 5, 'max_iters': 100, 'offset': False}
With validation accuracy 0.732368659876979 std 0.004510963096023062


--------------------------

Method: Least squares SGD
Ranked 1
Parameters
 {'gamma': 0.01, 'degree': 1, 'max_iters': 100, 'offset': False}
With validation accuracy 0.601210043359887 std 0.030455789525931476


Ranked 2
Parameters
 {'gamma': 0.0001, 'degree': 9, 'max_iters': 100, 'offset': False}
With validation accuracy 0.5700917616214582 std 0.012491715790577696


Ranked 3
Parameters
 {'gamma': 1e-05, 'degree': 9, 'max_iters': 100, 'offset': False}
With validation accuracy 0.5698195018654835 std 0.00679130659726277


Ranked 4
Parameters
 {'gamma': 1e-08, 'degree': 8, 'max_iters': 100, 'offset': False}
With validation accuracy 0.5685590400322679 std 0.008772200043629661


Ranked 5
Parameters
 {'gamma': 0.0001, 'degree': 8, 'max_iters': 100, 'offset': False}
With validation accuracy 0.5664717152364627 std 0.006336749699147986


--------------------------

Method: Least squares
Ranked 1
Parameters
 {'degree': 9, 'offset': False}
With validation accuracy 0.7658969446405163 std 0.0024564509393704003


Ranked 2
Parameters
 {'degree': 8, 'offset': False}
With validation accuracy 0.765796107693859 std 0.002914414545470981


Ranked 3
Parameters
 {'degree': 6, 'offset': False}
With validation accuracy 0.7644448926086518 std 0.0028293704438133982


Ranked 4
Parameters
 {'degree': 7, 'offset': False}
With validation accuracy 0.7641222143793487 std 0.0023891335032584266


Ranked 5
Parameters
 {'degree': 5, 'offset': False}
With validation accuracy 0.7628315014621357 std 0.0024181952878949


--------------------------

Method: Ridge Regression
Ranked 1
Parameters
 {'lambda_': 1e-08, 'degree': 7, 'offset': False}
With validation accuracy 0.7647272360592922 std 0.0029083375303272504


Ranked 2
Parameters
 {'lambda_': 1e-08, 'degree': 9, 'offset': False}
With validation accuracy 0.7645658969446405 std 0.0023114766864866052


Ranked 3
Parameters
 {'lambda_': 1e-08, 'degree': 8, 'offset': False}
With validation accuracy 0.7644348089139862 std 0.0028912961379536106


Ranked 4
Parameters
 {'lambda_': 1e-07, 'degree': 7, 'offset': False}
With validation accuracy 0.7642633861046688 std 0.002780723930524814


Ranked 5
Parameters
 {'lambda_': 1e-08, 'degree': 6, 'offset': False}
With validation accuracy 0.7642230513260058 std 0.002807290453272737


--------------------------

Method: Logistic Regression
Ranked 1
Parameters
 {'gamma': 1e-05, 'degree': 5, 'max_iters': 100, 'offset': False, 'initial_w': None}
With validation accuracy 0.754885550065544 std 0.0010076633607223585


Ranked 2
Parameters
 {'gamma': 1e-05, 'degree': 4, 'max_iters': 100, 'offset': False, 'initial_w': None}
With validation accuracy 0.7535141675910053 std 0.0009515076020639434


Ranked 3
Parameters
 {'gamma': 1e-05, 'degree': 3, 'max_iters': 100, 'offset': False, 'initial_w': None}
With validation accuracy 0.7528183926590704 std 0.0010046315716000546


Ranked 4
Parameters
 {'gamma': 1e-05, 'degree': 6, 'max_iters': 100, 'offset': False, 'initial_w': None}
With validation accuracy 0.7523242916204497 std 0.0009245158892771288


Ranked 5
Parameters
 {'gamma': 1e-05, 'degree': 2, 'max_iters': 100, 'offset': False, 'initial_w': None}
With validation accuracy 0.750660482000605 std 0.002170127295099554


--------------------------

Method: Regularized Logistic Regression

Fixing the learning rate gamma to the values of the best from logistic - otherwise too long
Ranked 1
Parameters
 {'gamma': 1e-05, 'lambda_': 1e-05, 'degree': 5, 'max_iters': 100, 'offset': False, 'initial_w': None}
With validation accuracy 0.754885550065544 std 0.0010076633607223585


Ranked 2
Parameters
 {'gamma': 1e-05, 'lambda_': 0.1, 'degree': 5, 'max_iters': 100, 'offset': False, 'initial_w': None}
With validation accuracy 0.754885550065544 std 0.0010076633607223585


Ranked 3
Parameters
 {'gamma': 1e-05, 'lambda_': 0.01, 'degree': 5, 'max_iters': 100, 'offset': False, 'initial_w': None}
With validation accuracy 0.754885550065544 std 0.0010076633607223585


Ranked 4
Parameters
 {'gamma': 1e-05, 'lambda_': 0.001, 'degree': 5, 'max_iters': 100, 'offset': False, 'initial_w': None}
With validation accuracy 0.754885550065544 std 0.0010076633607223585


Ranked 5
Parameters
 {'gamma': 1e-05, 'lambda_': 0.0001, 'degree': 5, 'max_iters': 100, 'offset': False, 'initial_w': None}
With validation accuracy 0.754885550065544 std 0.0010076633607223585


--------------------------
Best method: Least square

--------------------------
Starting parameter scan for: Group group_0, sampling strategy under and offset False
--------------------------

Method: Least squares GD
Ranked 1
Parameters
 {'gamma': 0.1, 'degree': 5, 'max_iters': 100, 'offset': False}
With validation accuracy 0.7953764078245407 std 0.002526827876045303


Ranked 2
Parameters
 {'gamma': 0.1, 'degree': 2, 'max_iters': 100, 'offset': False}
With validation accuracy 0.7952973720608575 std 0.0017123148819042592


Ranked 3
Parameters
 {'gamma': 0.1, 'degree': 6, 'max_iters': 100, 'offset': False}
With validation accuracy 0.7947046038332345 std 0.0038598270530171425


Ranked 4
Parameters
 {'gamma': 0.1, 'degree': 3, 'max_iters': 100, 'offset': False}
With validation accuracy 0.7923137719818217 std 0.00326435405245732


Ranked 5
Parameters
 {'gamma': 0.1, 'degree': 4, 'max_iters': 100, 'offset': False}
With validation accuracy 0.7903378778897451 std 0.005258774474547023


--------------------------

Method: Least squares SGD
Ranked 1
Parameters
 {'gamma': 0.01, 'degree': 3, 'max_iters': 100, 'offset': False}
With validation accuracy 0.6149377593360996 std 0.024566379528555112


Ranked 2
Parameters
 {'gamma': 0.01, 'degree': 2, 'max_iters': 100, 'offset': False}
With validation accuracy 0.6100177830468286 std 0.04756570960030035


Ranked 3
Parameters
 {'gamma': 0.01, 'degree': 1, 'max_iters': 100, 'offset': False}
With validation accuracy 0.6090100770598696 std 0.035056147933606036


Ranked 4
Parameters
 {'gamma': 0.1, 'degree': 8, 'max_iters': 100, 'offset': False}
With validation accuracy 0.5330171902786011 std 0.09129967971260353


Ranked 5
Parameters
 {'gamma': 0.1, 'degree': 1, 'max_iters': 100, 'offset': False}
With validation accuracy 0.5310808140683658 std 0.085733213582564


--------------------------

Method: Least squares
Ranked 1
Parameters
 {'degree': 6, 'offset': False}
With validation accuracy 0.81185536455246 std 0.0021139296658754278


Ranked 2
Parameters
 {'degree': 7, 'offset': False}
With validation accuracy 0.8116972930250939 std 0.0028489898851684343


Ranked 3
Parameters
 {'degree': 8, 'offset': False}
With validation accuracy 0.8116972930250939 std 0.002660495720839734


Ranked 4
Parameters
 {'degree': 9, 'offset': False}
With validation accuracy 0.8115787393795693 std 0.003520420067389055


Ranked 5
Parameters
 {'degree': 5, 'offset': False}
With validation accuracy 0.8107093459790555 std 0.0023270295230882806


--------------------------

Method: Ridge Regression
Ranked 1
Parameters
 {'lambda_': 1e-07, 'degree': 8, 'offset': False}
With validation accuracy 0.8123690970163999 std 0.002655648704431754


Ranked 2
Parameters
 {'lambda_': 1e-08, 'degree': 9, 'offset': False}
With validation accuracy 0.8123098201936376 std 0.0025391584500714048


Ranked 3
Parameters
 {'lambda_': 1e-07, 'degree': 7, 'offset': False}
With validation accuracy 0.8122307844299546 std 0.002498236602189064


Ranked 4
Parameters
 {'lambda_': 1e-07, 'degree': 9, 'offset': False}
With validation accuracy 0.812191266548113 std 0.0021689881841632157


Ranked 5
Parameters
 {'lambda_': 1e-08, 'degree': 6, 'offset': False}
With validation accuracy 0.8119936771389054 std 0.0020188958347274856


--------------------------

Method: Logistic Regression
Ranked 1
Parameters
 {'gamma': 1e-05, 'degree': 9, 'max_iters': 100, 'offset': False, 'initial_w': None}
With validation accuracy 0.8037541987749457 std 0.0011222660992817922


Ranked 2
Parameters
 {'gamma': 1e-05, 'degree': 8, 'max_iters': 100, 'offset': False, 'initial_w': None}
With validation accuracy 0.8034973325429757 std 0.0014878364431548418


Ranked 3
Parameters
 {'gamma': 1e-05, 'degree': 4, 'max_iters': 100, 'offset': False, 'initial_w': None}
With validation accuracy 0.8033590199565304 std 0.001941611301566995


Ranked 4
Parameters
 {'gamma': 1e-05, 'degree': 7, 'max_iters': 100, 'offset': False, 'initial_w': None}
With validation accuracy 0.8032602252519265 std 0.0015540629995839253


Ranked 5
Parameters
 {'gamma': 1e-05, 'degree': 5, 'max_iters': 100, 'offset': False, 'initial_w': None}
With validation accuracy 0.8030626358427189 std 0.0020049240693879905


--------------------------

Method: Regularized Logistic Regression

Fixing the learning rate gamma to the values of the best from logistic - otherwise too long
Ranked 1
Parameters
 {'gamma': 1e-05, 'lambda_': 0.1, 'degree': 9, 'max_iters': 100, 'offset': False, 'initial_w': None}
With validation accuracy 0.8037541987749457 std 0.0011222660992817922


Ranked 2
Parameters
 {'gamma': 1e-05, 'lambda_': 1e-08, 'degree': 9, 'max_iters': 100, 'offset': False, 'initial_w': None}
With validation accuracy 0.8037541987749457 std 0.0011222660992817922


Ranked 3
Parameters
 {'gamma': 1e-05, 'lambda_': 1e-07, 'degree': 9, 'max_iters': 100, 'offset': False, 'initial_w': None}
With validation accuracy 0.8037541987749457 std 0.0011222660992817922


Ranked 4
Parameters
 {'gamma': 1e-05, 'lambda_': 1e-06, 'degree': 9, 'max_iters': 100, 'offset': False, 'initial_w': None}
With validation accuracy 0.8037541987749457 std 0.0011222660992817922


Ranked 5
Parameters
 {'gamma': 1e-05, 'lambda_': 0.01, 'degree': 9, 'max_iters': 100, 'offset': False, 'initial_w': None}
With validation accuracy 0.8037541987749457 std 0.0011222660992817922


--------------------------
Best method: Ridge Regression

--------------------------
Starting parameter scan for: Group group_0, sampling strategy over and offset False
--------------------------

Method: Least squares GD
Ranked 1
Parameters
 {'gamma': 0.1, 'degree': 6, 'max_iters': 100, 'offset': False}
With validation accuracy 0.7953360861030258 std 0.002179084398211663


Ranked 2
Parameters
 {'gamma': 0.1, 'degree': 4, 'max_iters': 100, 'offset': False}
With validation accuracy 0.7933595072090978 std 0.0029028022001687135


Ranked 3
Parameters
 {'gamma': 0.1, 'degree': 3, 'max_iters': 100, 'offset': False}
With validation accuracy 0.7929601299668314 std 0.005194220308545484


Ranked 4
Parameters
 {'gamma': 0.1, 'degree': 2, 'max_iters': 100, 'offset': False}
With validation accuracy 0.7928044405334055 std 0.00434613494090181


Ranked 5
Parameters
 {'gamma': 0.1, 'degree': 1, 'max_iters': 100, 'offset': False}
With validation accuracy 0.7907940161104718 std 0.0020625677534303975


--------------------------

Method: Least squares SGD
Ranked 1
Parameters
 {'gamma': 0.01, 'degree': 1, 'max_iters': 100, 'offset': False}
With validation accuracy 0.6481012658227848 std 0.02627872364701194


Ranked 2
Parameters
 {'gamma': 0.01, 'degree': 3, 'max_iters': 100, 'offset': False}
With validation accuracy 0.5897515738170986 std 0.07249686209868732


Ranked 3
Parameters
 {'gamma': 0.1, 'degree': 3, 'max_iters': 100, 'offset': False}
With validation accuracy 0.570716848304339 std 0.053951814119971554


Ranked 4
Parameters
 {'gamma': 0.01, 'degree': 2, 'max_iters': 100, 'offset': False}
With validation accuracy 0.5659310905029445 std 0.03214289771878051


Ranked 5
Parameters
 {'gamma': 0.01, 'degree': 5, 'max_iters': 100, 'offset': False}
With validation accuracy 0.5494483178772085 std 0.06493198891889697


--------------------------

Method: Least squares
Ranked 1
Parameters
 {'degree': 8, 'offset': False}
With validation accuracy 0.8123536180870508 std 0.0021071825166508367


Ranked 2
Parameters
 {'degree': 9, 'offset': False}
With validation accuracy 0.8122250050768294 std 0.0019240223217230382


Ranked 3
Parameters
 {'degree': 7, 'offset': False}
With validation accuracy 0.8119542408447845 std 0.0017780986308216014


Ranked 4
Parameters
 {'degree': 6, 'offset': False}
With validation accuracy 0.8119271644215799 std 0.002083785416187759


Ranked 5
Parameters
 {'degree': 5, 'offset': False}
With validation accuracy 0.8102010424422934 std 0.002455646490766366


--------------------------

Method: Ridge Regression
Ranked 1
Parameters
 {'lambda_': 1e-08, 'degree': 7, 'offset': False}
With validation accuracy 0.8118865497867732 std 0.0022046926675228892


Ranked 2
Parameters
 {'lambda_': 1e-08, 'degree': 9, 'offset': False}
With validation accuracy 0.8118865497867731 std 0.0018734654441343182


Ranked 3
Parameters
 {'lambda_': 1e-08, 'degree': 6, 'offset': False}
With validation accuracy 0.8117917823055574 std 0.0019315569568279494


Ranked 4
Parameters
 {'lambda_': 1e-07, 'degree': 9, 'offset': False}
With validation accuracy 0.8117579367765518 std 0.0017306155946138356


Ranked 5
Parameters
 {'lambda_': 1e-08, 'degree': 8, 'offset': False}
With validation accuracy 0.8116428619779328 std 0.001936295585598737


--------------------------

Method: Logistic Regression
Ranked 1
Parameters
 {'gamma': 1e-05, 'degree': 3, 'max_iters': 100, 'offset': False, 'initial_w': None}
With validation accuracy 0.80548297569891 std 0.0019080475137105797


Ranked 2
Parameters
 {'gamma': 1e-05, 'degree': 4, 'max_iters': 100, 'offset': False, 'initial_w': None}
With validation accuracy 0.8052189805726663 std 0.001970379613240779


Ranked 3
Parameters
 {'gamma': 1e-05, 'degree': 5, 'max_iters': 100, 'offset': False, 'initial_w': None}
With validation accuracy 0.8051174439856496 std 0.0016179437332315008


Ranked 4
Parameters
 {'gamma': 1e-05, 'degree': 2, 'max_iters': 100, 'offset': False, 'initial_w': None}
With validation accuracy 0.803181479726528 std 0.0016562052931062565


Ranked 5
Parameters
 {'gamma': 1e-05, 'degree': 6, 'max_iters': 100, 'offset': False, 'initial_w': None}
With validation accuracy 0.8028633317538754 std 0.0013319151006032498


--------------------------

Method: Regularized Logistic Regression

Fixing the learning rate gamma to the values of the best from logistic - otherwise too long
Ranked 1
Parameters
 {'gamma': 1e-05, 'lambda_': 0.1, 'degree': 3, 'max_iters': 100, 'offset': False, 'initial_w': None}
With validation accuracy 0.8054829756989103 std 0.0019189429998107616


Ranked 2
Parameters
 {'gamma': 1e-05, 'lambda_': 0.01, 'degree': 3, 'max_iters': 100, 'offset': False, 'initial_w': None}
With validation accuracy 0.80548297569891 std 0.0019080475137105797


Ranked 3
Parameters
 {'gamma': 1e-05, 'lambda_': 0.0001, 'degree': 3, 'max_iters': 100, 'offset': False, 'initial_w': None}
With validation accuracy 0.80548297569891 std 0.0019080475137105797


Ranked 4
Parameters
 {'gamma': 1e-05, 'lambda_': 1e-05, 'degree': 3, 'max_iters': 100, 'offset': False, 'initial_w': None}
With validation accuracy 0.80548297569891 std 0.0019080475137105797


Ranked 5
Parameters
 {'gamma': 1e-05, 'lambda_': 1e-06, 'degree': 3, 'max_iters': 100, 'offset': False, 'initial_w': None}
With validation accuracy 0.80548297569891 std 0.0019080475137105797


--------------------------
Best method: Least square

--------------------------
Done!
