Setting up Parameter Scan
Loading data
Data succesfully loaded
Starting parameter scan for: Group group_2, sampling strategy None and offset True
--------------------------

Method: Least squares GD
Ranked 1
Parameters
 {'gamma': 0.1, 'degree': 3, 'max_iters': 100, 'offset': True}
With validation accuracy 0.7679943100995732 std 0.0024718311236797473


Ranked 2
Parameters
 {'gamma': 0.1, 'degree': 2, 'max_iters': 100, 'offset': True}
With validation accuracy 0.7595407437512701 std 0.006780846995632219


Ranked 3
Parameters
 {'gamma': 0.1, 'degree': 1, 'max_iters': 100, 'offset': True}
With validation accuracy 0.7332452753505385 std 0.004742086850728268


Ranked 4
Parameters
 {'gamma': 0.01, 'degree': 1, 'max_iters': 100, 'offset': True}
With validation accuracy 0.6360089412720991 std 0.010126665755956128


Ranked 5
Parameters
 {'gamma': 0.01, 'degree': 8, 'max_iters': 100, 'offset': True}
With validation accuracy 0.6342410079252184 std 0.01453480990472355


--------------------------

Method: Least squares SGD
Ranked 1
Parameters
 {'gamma': 1e-05, 'degree': 2, 'max_iters': 100, 'offset': True}
With validation accuracy 0.598069498069498 std 0.01439205471456316


Ranked 2
Parameters
 {'gamma': 0.01, 'degree': 1, 'max_iters': 100, 'offset': True}
With validation accuracy 0.5940865677707784 std 0.01674818896058972


Ranked 3
Parameters
 {'gamma': 0.001, 'degree': 1, 'max_iters': 100, 'offset': True}
With validation accuracy 0.593863035968299 std 0.03344730086890664


Ranked 4
Parameters
 {'gamma': 1e-08, 'degree': 2, 'max_iters': 100, 'offset': True}
With validation accuracy 0.5922779922779922 std 0.020621173618587934


Ranked 5
Parameters
 {'gamma': 1e-07, 'degree': 1, 'max_iters': 100, 'offset': True}
With validation accuracy 0.5904490957122536 std 0.021491626703343415


--------------------------

Method: Least squares
Ranked 1
Parameters
 {'degree': 8, 'offset': True}
With validation accuracy 0.8343426132899816 std 0.0032108581383288814


Ranked 2
Parameters
 {'degree': 9, 'offset': True}
With validation accuracy 0.83409876041455 std 0.0029541836249095785


Ranked 3
Parameters
 {'degree': 7, 'offset': True}
With validation accuracy 0.8336313757366389 std 0.0033818563808518205


Ranked 4
Parameters
 {'degree': 6, 'offset': True}
With validation accuracy 0.8321276163381427 std 0.00263422563269236


Ranked 5
Parameters
 {'degree': 5, 'offset': True}
With validation accuracy 0.8311725259093681 std 0.0029661806422918023


--------------------------

Method: Ridge Regression
Ranked 1
Parameters
 {'lambda_': 1e-08, 'degree': 8, 'offset': True}
With validation accuracy 0.8334891282259702 std 0.003402429768668017


Ranked 2
Parameters
 {'lambda_': 1e-08, 'degree': 9, 'offset': True}
With validation accuracy 0.8334891282259702 std 0.0032408129713477536


Ranked 3
Parameters
 {'lambda_': 1e-08, 'degree': 7, 'offset': True}
With validation accuracy 0.8329404592562488 std 0.0029709102866143974


Ranked 4
Parameters
 {'lambda_': 1e-07, 'degree': 8, 'offset': True}
With validation accuracy 0.8327982117455802 std 0.0033090295093411684


Ranked 5
Parameters
 {'lambda_': 1e-07, 'degree': 9, 'offset': True}
With validation accuracy 0.8326153220890063 std 0.0032996567083257104


--------------------------

Method: Logistic Regression
Ranked 1
Parameters
 {'gamma': 1e-05, 'degree': 6, 'max_iters': 100, 'offset': True, 'initial_w': None}
With validation accuracy 0.7972160130054867 std 0.0024081971903313374


Ranked 2
Parameters
 {'gamma': 1e-05, 'degree': 5, 'max_iters': 100, 'offset': True, 'initial_w': None}
With validation accuracy 0.7969924812030074 std 0.0024478248602158954


Ranked 3
Parameters
 {'gamma': 1e-05, 'degree': 8, 'max_iters': 100, 'offset': True, 'initial_w': None}
With validation accuracy 0.7967079861816704 std 0.0023987475162812726


Ranked 4
Parameters
 {'gamma': 1e-05, 'degree': 7, 'max_iters': 100, 'offset': True, 'initial_w': None}
With validation accuracy 0.7966673440357651 std 0.0021786237381326


Ranked 5
Parameters
 {'gamma': 1e-05, 'degree': 9, 'max_iters': 100, 'offset': True, 'initial_w': None}
With validation accuracy 0.7961796382849013 std 0.002972022050255738


--------------------------

Method: Regularized Logistic Regression

Fixing the learning rate gamma to the values of the best from logistic - otherwise too long
Ranked 1
Parameters
 {'gamma': 1e-05, 'lambda_': 1e-08, 'degree': 6, 'max_iters': 100, 'offset': True, 'initial_w': None}
With validation accuracy 0.7972160130054867 std 0.0024081971903313374


Ranked 2
Parameters
 {'gamma': 1e-05, 'lambda_': 1e-07, 'degree': 6, 'max_iters': 100, 'offset': True, 'initial_w': None}
With validation accuracy 0.7972160130054867 std 0.0024081971903313374


Ranked 3
Parameters
 {'gamma': 1e-05, 'lambda_': 1e-06, 'degree': 6, 'max_iters': 100, 'offset': True, 'initial_w': None}
With validation accuracy 0.7972160130054867 std 0.0024081971903313374


Ranked 4
Parameters
 {'gamma': 1e-05, 'lambda_': 1e-05, 'degree': 6, 'max_iters': 100, 'offset': True, 'initial_w': None}
With validation accuracy 0.7972160130054867 std 0.0024081971903313374


Ranked 5
Parameters
 {'gamma': 1e-05, 'lambda_': 0.0001, 'degree': 6, 'max_iters': 100, 'offset': True, 'initial_w': None}
With validation accuracy 0.7972160130054867 std 0.0024081971903313374


--------------------------
Best method: Least square

--------------------------
Starting parameter scan for: Group group_2, sampling strategy under and offset True
--------------------------

Method: Least squares GD
Ranked 1
Parameters
 {'gamma': 0.1, 'degree': 3, 'max_iters': 100, 'offset': True}
With validation accuracy 0.7694467728415757 std 0.006634549347912213


Ranked 2
Parameters
 {'gamma': 0.1, 'degree': 2, 'max_iters': 100, 'offset': True}
With validation accuracy 0.758466051969824 std 0.009626663257601096


Ranked 3
Parameters
 {'gamma': 0.1, 'degree': 1, 'max_iters': 100, 'offset': True}
With validation accuracy 0.7351634534786252 std 0.003189518246596592


Ranked 4
Parameters
 {'gamma': 0.01, 'degree': 8, 'max_iters': 100, 'offset': True}
With validation accuracy 0.6343671416596816 std 0.00884727366923623


Ranked 5
Parameters
 {'gamma': 0.01, 'degree': 1, 'max_iters': 100, 'offset': True}
With validation accuracy 0.6318315171835709 std 0.014751354904827279


--------------------------

Method: Least squares SGD
Ranked 1
Parameters
 {'gamma': 0.01, 'degree': 1, 'max_iters': 100, 'offset': True}
With validation accuracy 0.6068524727577536 std 0.02639182983254841


Ranked 2
Parameters
 {'gamma': 1e-05, 'degree': 2, 'max_iters': 100, 'offset': True}
With validation accuracy 0.6009010896898574 std 0.014056645524204457


Ranked 3
Parameters
 {'gamma': 1e-07, 'degree': 2, 'max_iters': 100, 'offset': True}
With validation accuracy 0.5965213746856664 std 0.01221934606584059


Ranked 4
Parameters
 {'gamma': 1e-06, 'degree': 5, 'max_iters': 100, 'offset': True}
With validation accuracy 0.5959346186085499 std 0.012834258473421007


Ranked 5
Parameters
 {'gamma': 0.0001, 'degree': 3, 'max_iters': 100, 'offset': True}
With validation accuracy 0.5943210393964795 std 0.005154986062987494


--------------------------

Method: Least squares
Ranked 1
Parameters
 {'degree': 8, 'offset': True}
With validation accuracy 0.8338642078792958 std 0.002146898319340425


Ranked 2
Parameters
 {'degree': 9, 'offset': True}
With validation accuracy 0.8337594300083822 std 0.002205418628151374


Ranked 3
Parameters
 {'degree': 7, 'offset': True}
With validation accuracy 0.8330050293378038 std 0.002287327560331888


Ranked 4
Parameters
 {'degree': 6, 'offset': True}
With validation accuracy 0.8322715842414082 std 0.0028842666444401175


Ranked 5
Parameters
 {'degree': 5, 'offset': True}
With validation accuracy 0.8313704945515508 std 0.0029854155605210644


--------------------------

Method: Ridge Regression
Ranked 1
Parameters
 {'lambda_': 1e-08, 'degree': 8, 'offset': True}
With validation accuracy 0.8331517183570829 std 0.0024208903833448465


Ranked 2
Parameters
 {'lambda_': 1e-08, 'degree': 9, 'offset': True}
With validation accuracy 0.8330678960603521 std 0.0025263420042213693


Ranked 3
Parameters
 {'lambda_': 1e-07, 'degree': 9, 'offset': True}
With validation accuracy 0.832837384744342 std 0.0029417028701583248


Ranked 4
Parameters
 {'lambda_': 1e-07, 'degree': 8, 'offset': True}
With validation accuracy 0.832523051131601 std 0.002840697938446033


Ranked 5
Parameters
 {'lambda_': 1e-08, 'degree': 7, 'offset': True}
With validation accuracy 0.8323344509639563 std 0.0025367499389992434


--------------------------

Method: Logistic Regression
Ranked 1
Parameters
 {'gamma': 1e-05, 'degree': 7, 'max_iters': 100, 'offset': True, 'initial_w': None}
With validation accuracy 0.7964794635373009 std 0.0034893390796407655


Ranked 2
Parameters
 {'gamma': 1e-05, 'degree': 6, 'max_iters': 100, 'offset': True, 'initial_w': None}
With validation accuracy 0.7964794635373009 std 0.0035738931565163497


Ranked 3
Parameters
 {'gamma': 1e-05, 'degree': 5, 'max_iters': 100, 'offset': True, 'initial_w': None}
With validation accuracy 0.796081307627829 std 0.0035719266424908587


Ranked 4
Parameters
 {'gamma': 1e-05, 'degree': 8, 'max_iters': 100, 'offset': True, 'initial_w': None}
With validation accuracy 0.7959765297569154 std 0.0036713543993782544


Ranked 5
Parameters
 {'gamma': 1e-05, 'degree': 9, 'max_iters': 100, 'offset': True, 'initial_w': None}
With validation accuracy 0.7958927074601844 std 0.0036089855097338253


--------------------------

Method: Regularized Logistic Regression

Fixing the learning rate gamma to the values of the best from logistic - otherwise too long
Ranked 1
Parameters
 {'gamma': 1e-05, 'lambda_': 0.0001, 'degree': 7, 'max_iters': 100, 'offset': True, 'initial_w': None}
With validation accuracy 0.7964794635373009 std 0.0034893390796407655


Ranked 2
Parameters
 {'gamma': 1e-05, 'lambda_': 1e-07, 'degree': 7, 'max_iters': 100, 'offset': True, 'initial_w': None}
With validation accuracy 0.7964794635373009 std 0.0034893390796407655


Ranked 3
Parameters
 {'gamma': 1e-05, 'lambda_': 0.001, 'degree': 7, 'max_iters': 100, 'offset': True, 'initial_w': None}
With validation accuracy 0.7964794635373009 std 0.0034893390796407655


Ranked 4
Parameters
 {'gamma': 1e-05, 'lambda_': 0.01, 'degree': 7, 'max_iters': 100, 'offset': True, 'initial_w': None}
With validation accuracy 0.7964794635373009 std 0.0034893390796407655


Ranked 5
Parameters
 {'gamma': 1e-05, 'lambda_': 0.1, 'degree': 7, 'max_iters': 100, 'offset': True, 'initial_w': None}
With validation accuracy 0.7964794635373009 std 0.0034893390796407655


--------------------------
Best method: Least square

--------------------------
Starting parameter scan for: Group group_2, sampling strategy over and offset True
--------------------------

Method: Least squares GD
Ranked 1
Parameters
 {'gamma': 0.1, 'degree': 3, 'max_iters': 100, 'offset': True}
With validation accuracy 0.7647499753427359 std 0.010314053081641374


Ranked 2
Parameters
 {'gamma': 0.1, 'degree': 2, 'max_iters': 100, 'offset': True}
With validation accuracy 0.7609034421540585 std 0.0055780464681574994


Ranked 3
Parameters
 {'gamma': 0.1, 'degree': 1, 'max_iters': 100, 'offset': True}
With validation accuracy 0.7358319360883716 std 0.007132074301072357


Ranked 4
Parameters
 {'gamma': 0.01, 'degree': 6, 'max_iters': 100, 'offset': True}
With validation accuracy 0.6298451523818916 std 0.01722075747296213


Ranked 5
Parameters
 {'gamma': 0.01, 'degree': 1, 'max_iters': 100, 'offset': True}
With validation accuracy 0.6282868132951968 std 0.014804270605193508


--------------------------

Method: Least squares SGD
Ranked 1
Parameters
 {'gamma': 0.01, 'degree': 1, 'max_iters': 100, 'offset': True}
With validation accuracy 0.6 std 0.03668898015053259


Ranked 2
Parameters
 {'gamma': 1e-05, 'degree': 3, 'max_iters': 100, 'offset': True}
With validation accuracy 0.5977118058980175 std 0.009392137978056403


Ranked 3
Parameters
 {'gamma': 1e-05, 'degree': 2, 'max_iters': 100, 'offset': True}
With validation accuracy 0.5974356445408817 std 0.011884633469097263


Ranked 4
Parameters
 {'gamma': 0.001, 'degree': 1, 'max_iters': 100, 'offset': True}
With validation accuracy 0.597100305750074 std 0.02914297518713665


Ranked 5
Parameters
 {'gamma': 1e-06, 'degree': 2, 'max_iters': 100, 'offset': True}
With validation accuracy 0.5957589505868428 std 0.017013852376060526


--------------------------

Method: Least squares
Ranked 1
Parameters
 {'degree': 8, 'offset': True}
With validation accuracy 0.8345398954532005 std 0.0024705348125007454


Ranked 2
Parameters
 {'degree': 9, 'offset': True}
With validation accuracy 0.8344215405858566 std 0.002663641961122866


Ranked 3
Parameters
 {'degree': 7, 'offset': True}
With validation accuracy 0.8333563467797613 std 0.002816442456977712


Ranked 4
Parameters
 {'degree': 6, 'offset': True}
With validation accuracy 0.8318966367491865 std 0.0024428169374356755


Ranked 5
Parameters
 {'degree': 5, 'offset': True}
With validation accuracy 0.8311273301114508 std 0.0026482590309637507


--------------------------

Method: Ridge Regression
Ranked 1
Parameters
 {'lambda_': 1e-08, 'degree': 9, 'offset': True}
With validation accuracy 0.8336127823256732 std 0.002433560787184707


Ranked 2
Parameters
 {'lambda_': 1e-08, 'degree': 8, 'offset': True}
With validation accuracy 0.8333366209685374 std 0.003246918860253715


Ranked 3
Parameters
 {'lambda_': 1e-07, 'degree': 8, 'offset': True}
With validation accuracy 0.8330999112338496 std 0.002875777031509287


Ranked 4
Parameters
 {'lambda_': 1e-08, 'degree': 7, 'offset': True}
With validation accuracy 0.8330210079889534 std 0.0029601864455751407


Ranked 5
Parameters
 {'lambda_': 1e-07, 'degree': 9, 'offset': True}
With validation accuracy 0.8329815563665056 std 0.0023486144300048696


--------------------------

Method: Logistic Regression
Ranked 1
Parameters
 {'gamma': 1e-05, 'degree': 6, 'max_iters': 100, 'offset': True, 'initial_w': None}
With validation accuracy 0.7973567412959859 std 0.002898821888954944


Ranked 2
Parameters
 {'gamma': 1e-05, 'degree': 8, 'max_iters': 100, 'offset': True, 'initial_w': None}
With validation accuracy 0.797100305750074 std 0.0023821724650479026


Ranked 3
Parameters
 {'gamma': 1e-05, 'degree': 7, 'max_iters': 100, 'offset': True, 'initial_w': None}
With validation accuracy 0.796922773449058 std 0.0026895186953766422


Ranked 4
Parameters
 {'gamma': 1e-05, 'degree': 5, 'max_iters': 100, 'offset': True, 'initial_w': None}
With validation accuracy 0.7962323700562186 std 0.0032298568882526473


Ranked 5
Parameters
 {'gamma': 1e-05, 'degree': 9, 'max_iters': 100, 'offset': True, 'initial_w': None}
With validation accuracy 0.7958575796429629 std 0.002591073719749959


--------------------------

Method: Regularized Logistic Regression

Fixing the learning rate gamma to the values of the best from logistic - otherwise too long
Ranked 1
Parameters
 {'gamma': 1e-05, 'lambda_': 0.1, 'degree': 6, 'max_iters': 100, 'offset': True, 'initial_w': None}
With validation accuracy 0.7973764671072099 std 0.002892775251782331


Ranked 2
Parameters
 {'gamma': 1e-05, 'lambda_': 0.001, 'degree': 6, 'max_iters': 100, 'offset': True, 'initial_w': None}
With validation accuracy 0.7973567412959859 std 0.002898821888954944


Ranked 3
Parameters
 {'gamma': 1e-05, 'lambda_': 0.0001, 'degree': 6, 'max_iters': 100, 'offset': True, 'initial_w': None}
With validation accuracy 0.7973567412959859 std 0.002898821888954944


Ranked 4
Parameters
 {'gamma': 1e-05, 'lambda_': 1e-05, 'degree': 6, 'max_iters': 100, 'offset': True, 'initial_w': None}
With validation accuracy 0.7973567412959859 std 0.002898821888954944


Ranked 5
Parameters
 {'gamma': 1e-05, 'lambda_': 1e-06, 'degree': 6, 'max_iters': 100, 'offset': True, 'initial_w': None}
With validation accuracy 0.7973567412959859 std 0.002898821888954944


--------------------------
Best method: Least square

--------------------------
Starting parameter scan for: Group group_2, sampling strategy None and offset False
--------------------------

Method: Least squares GD
Ranked 1
Parameters
 {'gamma': 0.1, 'degree': 3, 'max_iters': 100, 'offset': False}
With validation accuracy 0.7692745376955903 std 0.007524671332318567


Ranked 2
Parameters
 {'gamma': 0.1, 'degree': 2, 'max_iters': 100, 'offset': False}
With validation accuracy 0.7600487705750864 std 0.008179730408734088


Ranked 3
Parameters
 {'gamma': 0.1, 'degree': 1, 'max_iters': 100, 'offset': False}
With validation accuracy 0.7332046332046331 std 0.005079211432450236


Ranked 4
Parameters
 {'gamma': 0.01, 'degree': 1, 'max_iters': 100, 'offset': False}
With validation accuracy 0.6381426539321277 std 0.01469349885171148


Ranked 5
Parameters
 {'gamma': 0.01, 'degree': 8, 'max_iters': 100, 'offset': False}
With validation accuracy 0.6363950416581996 std 0.012078583199906021


--------------------------

Method: Least squares SGD
Ranked 1
Parameters
 {'gamma': 0.01, 'degree': 1, 'max_iters': 100, 'offset': False}
With validation accuracy 0.5954887218045113 std 0.03681898040341523


Ranked 2
Parameters
 {'gamma': 1e-07, 'degree': 2, 'max_iters': 100, 'offset': False}
With validation accuracy 0.5932534037797195 std 0.01294619817621116


Ranked 3
Parameters
 {'gamma': 1e-05, 'degree': 2, 'max_iters': 100, 'offset': False}
With validation accuracy 0.5912009754115017 std 0.01886038618901485


Ranked 4
Parameters
 {'gamma': 0.001, 'degree': 2, 'max_iters': 100, 'offset': False}
With validation accuracy 0.5872383661857346 std 0.009731566431970836


Ranked 5
Parameters
 {'gamma': 0.0001, 'degree': 3, 'max_iters': 100, 'offset': False}
With validation accuracy 0.5862223125381021 std 0.017301648400861028


--------------------------

Method: Least squares
Ranked 1
Parameters
 {'degree': 8, 'offset': False}
With validation accuracy 0.8348303190408453 std 0.0023703466744159456


Ranked 2
Parameters
 {'degree': 9, 'offset': False}
With validation accuracy 0.8346880715301769 std 0.0024018442295618394


Ranked 3
Parameters
 {'degree': 7, 'offset': False}
With validation accuracy 0.83379394432026 std 0.003186199085148467


Ranked 4
Parameters
 {'degree': 6, 'offset': False}
With validation accuracy 0.8324527535053852 std 0.002415559368765561


Ranked 5
Parameters
 {'degree': 5, 'offset': False}
With validation accuracy 0.8308677098150783 std 0.002370346674415967


--------------------------

Method: Ridge Regression
Ranked 1
Parameters
 {'lambda_': 1e-08, 'degree': 9, 'offset': False}
With validation accuracy 0.8339565129038814 std 0.0035081965112069187


Ranked 2
Parameters
 {'lambda_': 1e-08, 'degree': 8, 'offset': False}
With validation accuracy 0.8339361918309287 std 0.0030438226934936296


Ranked 3
Parameters
 {'lambda_': 1e-07, 'degree': 9, 'offset': False}
With validation accuracy 0.8337939443202602 std 0.0030088915291817927


Ranked 4
Parameters
 {'lambda_': 1e-08, 'degree': 7, 'offset': False}
With validation accuracy 0.8336313757366389 std 0.0024726662864307746


Ranked 5
Parameters
 {'lambda_': 1e-07, 'degree': 8, 'offset': False}
With validation accuracy 0.8334891282259702 std 0.0030280444375945376


--------------------------

Method: Logistic Regression
Ranked 1
Parameters
 {'gamma': 1e-05, 'degree': 5, 'max_iters': 100, 'offset': False, 'initial_w': None}
With validation accuracy 0.7975411501727291 std 0.0026437708101609268


Ranked 2
Parameters
 {'gamma': 1e-05, 'degree': 6, 'max_iters': 100, 'offset': False, 'initial_w': None}
With validation accuracy 0.7973989026620606 std 0.0023984031902167203


Ranked 3
Parameters
 {'gamma': 1e-05, 'degree': 7, 'max_iters': 100, 'offset': False, 'initial_w': None}
With validation accuracy 0.7965860597439545 std 0.0019565299576363984


Ranked 4
Parameters
 {'gamma': 1e-05, 'degree': 8, 'max_iters': 100, 'offset': False, 'initial_w': None}
With validation accuracy 0.7964641333062386 std 0.0024816681350844456


Ranked 5
Parameters
 {'gamma': 1e-05, 'degree': 4, 'max_iters': 100, 'offset': False, 'initial_w': None}
With validation accuracy 0.7959154643365169 std 0.0029668766510871684


--------------------------

Method: Regularized Logistic Regression

Fixing the learning rate gamma to the values of the best from logistic - otherwise too long
Ranked 1
Parameters
 {'gamma': 1e-05, 'lambda_': 1e-05, 'degree': 5, 'max_iters': 100, 'offset': False, 'initial_w': None}
With validation accuracy 0.7975411501727291 std 0.0026437708101609268


Ranked 2
Parameters
 {'gamma': 1e-05, 'lambda_': 0.1, 'degree': 5, 'max_iters': 100, 'offset': False, 'initial_w': None}
With validation accuracy 0.7975411501727291 std 0.0026437708101609268


Ranked 3
Parameters
 {'gamma': 1e-05, 'lambda_': 0.01, 'degree': 5, 'max_iters': 100, 'offset': False, 'initial_w': None}
With validation accuracy 0.7975411501727291 std 0.0026437708101609268


Ranked 4
Parameters
 {'gamma': 1e-05, 'lambda_': 0.001, 'degree': 5, 'max_iters': 100, 'offset': False, 'initial_w': None}
With validation accuracy 0.7975411501727291 std 0.0026437708101609268


Ranked 5
Parameters
 {'gamma': 1e-05, 'lambda_': 0.0001, 'degree': 5, 'max_iters': 100, 'offset': False, 'initial_w': None}
With validation accuracy 0.7975411501727291 std 0.0026437708101609268


--------------------------
Best method: Least square

--------------------------
Starting parameter scan for: Group group_2, sampling strategy under and offset False
--------------------------

Method: Least squares GD
Ranked 1
Parameters
 {'gamma': 0.1, 'degree': 3, 'max_iters': 100, 'offset': False}
With validation accuracy 0.7671626152556581 std 0.002603387486081987


Ranked 2
Parameters
 {'gamma': 0.1, 'degree': 2, 'max_iters': 100, 'offset': False}
With validation accuracy 0.762468566638726 std 0.009405061534798224


Ranked 3
Parameters
 {'gamma': 0.1, 'degree': 1, 'max_iters': 100, 'offset': False}
With validation accuracy 0.736211232187762 std 0.0025541741802501995


Ranked 4
Parameters
 {'gamma': 0.01, 'degree': 1, 'max_iters': 100, 'offset': False}
With validation accuracy 0.6326697401508802 std 0.00969801695171426


Ranked 5
Parameters
 {'gamma': 0.01, 'degree': 9, 'max_iters': 100, 'offset': False}
With validation accuracy 0.6252305113160102 std 0.015405326134161979


--------------------------

Method: Least squares SGD
Ranked 1
Parameters
 {'gamma': 0.01, 'degree': 1, 'max_iters': 100, 'offset': False}
With validation accuracy 0.6297569153394803 std 0.02946726316316955


Ranked 2
Parameters
 {'gamma': 1e-08, 'degree': 2, 'max_iters': 100, 'offset': False}
With validation accuracy 0.5968566638725902 std 0.016356842520475215


Ranked 3
Parameters
 {'gamma': 1e-05, 'degree': 3, 'max_iters': 100, 'offset': False}
With validation accuracy 0.594593461860855 std 0.02346476031637035


Ranked 4
Parameters
 {'gamma': 1e-07, 'degree': 2, 'max_iters': 100, 'offset': False}
With validation accuracy 0.5915968147527242 std 0.008632424893529465


Ranked 5
Parameters
 {'gamma': 1e-05, 'degree': 4, 'max_iters': 100, 'offset': False}
With validation accuracy 0.5893755238893547 std 0.01091924171421477


--------------------------

Method: Least squares
Ranked 1
Parameters
 {'degree': 8, 'offset': False}
With validation accuracy 0.8338851634534785 std 0.0022788644962772713


Ranked 2
Parameters
 {'degree': 9, 'offset': False}
With validation accuracy 0.8337594300083822 std 0.002257568039448852


Ranked 3
Parameters
 {'degree': 7, 'offset': False}
With validation accuracy 0.8327745180217938 std 0.0026072642103932794


Ranked 4
Parameters
 {'degree': 6, 'offset': False}
With validation accuracy 0.8323554065381391 std 0.0031180880388023387


Ranked 5
Parameters
 {'degree': 5, 'offset': False}
With validation accuracy 0.8315381391450124 std 0.002911543073421352


--------------------------

Method: Ridge Regression
Ranked 1
Parameters
 {'lambda_': 1e-08, 'degree': 8, 'offset': False}
With validation accuracy 0.8332355406538138 std 0.0026545014012724333


Ranked 2
Parameters
 {'lambda_': 1e-08, 'degree': 9, 'offset': False}
With validation accuracy 0.8331517183570829 std 0.002623718227307554


Ranked 3
Parameters
 {'lambda_': 1e-07, 'degree': 9, 'offset': False}
With validation accuracy 0.8330050293378038 std 0.0031000087385125493


Ranked 4
Parameters
 {'lambda_': 1e-07, 'degree': 8, 'offset': False}
With validation accuracy 0.8325859178541493 std 0.0031303167087796614


Ranked 5
Parameters
 {'lambda_': 1e-08, 'degree': 7, 'offset': False}
With validation accuracy 0.8323973176865046 std 0.002570455523837996


--------------------------

Method: Logistic Regression
Ranked 1
Parameters
 {'gamma': 1e-05, 'degree': 6, 'max_iters': 100, 'offset': False, 'initial_w': None}
With validation accuracy 0.7958088851634535 std 0.0036195560624214525


Ranked 2
Parameters
 {'gamma': 1e-05, 'degree': 5, 'max_iters': 100, 'offset': False, 'initial_w': None}
With validation accuracy 0.795620284995809 std 0.003603262079986964


Ranked 3
Parameters
 {'gamma': 1e-05, 'degree': 7, 'max_iters': 100, 'offset': False, 'initial_w': None}
With validation accuracy 0.7952849958088851 std 0.0037436064369554185


Ranked 4
Parameters
 {'gamma': 1e-05, 'degree': 8, 'max_iters': 100, 'offset': False, 'initial_w': None}
With validation accuracy 0.7952221290863369 std 0.003882497315166249


Ranked 5
Parameters
 {'gamma': 1e-05, 'degree': 4, 'max_iters': 100, 'offset': False, 'initial_w': None}
With validation accuracy 0.7946563285834032 std 0.0035230302906399825


--------------------------

Method: Regularized Logistic Regression

Fixing the learning rate gamma to the values of the best from logistic - otherwise too long
Ranked 1
Parameters
 {'gamma': 1e-05, 'lambda_': 0.01, 'degree': 6, 'max_iters': 100, 'offset': False, 'initial_w': None}
With validation accuracy 0.7958088851634535 std 0.0036195560624214525


Ranked 2
Parameters
 {'gamma': 1e-05, 'lambda_': 0.0001, 'degree': 6, 'max_iters': 100, 'offset': False, 'initial_w': None}
With validation accuracy 0.7958088851634535 std 0.0036195560624214525


Ranked 3
Parameters
 {'gamma': 1e-05, 'lambda_': 1e-05, 'degree': 6, 'max_iters': 100, 'offset': False, 'initial_w': None}
With validation accuracy 0.7958088851634535 std 0.0036195560624214525


Ranked 4
Parameters
 {'gamma': 1e-05, 'lambda_': 1e-06, 'degree': 6, 'max_iters': 100, 'offset': False, 'initial_w': None}
With validation accuracy 0.7958088851634535 std 0.0036195560624214525


Ranked 5
Parameters
 {'gamma': 1e-05, 'lambda_': 1e-07, 'degree': 6, 'max_iters': 100, 'offset': False, 'initial_w': None}
With validation accuracy 0.7958088851634535 std 0.0036195560624214525


--------------------------
Best method: Least square

--------------------------
Starting parameter scan for: Group group_2, sampling strategy over and offset False
--------------------------

Method: Least squares GD
Ranked 1
Parameters
 {'gamma': 0.1, 'degree': 3, 'max_iters': 100, 'offset': False}
With validation accuracy 0.7669000887661505 std 0.006947183155907447


Ranked 2
Parameters
 {'gamma': 0.1, 'degree': 2, 'max_iters': 100, 'offset': False}
With validation accuracy 0.7612782325673143 std 0.014154090865422289


Ranked 3
Parameters
 {'gamma': 0.1, 'degree': 1, 'max_iters': 100, 'offset': False}
With validation accuracy 0.73226156425683 std 0.005314486458564193


Ranked 4
Parameters
 {'gamma': 0.01, 'degree': 1, 'max_iters': 100, 'offset': False}
With validation accuracy 0.6305947332084032 std 0.010611789779182737


Ranked 5
Parameters
 {'gamma': 0.01, 'degree': 8, 'max_iters': 100, 'offset': False}
With validation accuracy 0.6244205542952953 std 0.0073123983959316186


--------------------------

Method: Least squares SGD
Ranked 1
Parameters
 {'gamma': 0.0001, 'degree': 2, 'max_iters': 100, 'offset': False}
With validation accuracy 0.5950290955715553 std 0.017230244872040383


Ranked 2
Parameters
 {'gamma': 1e-08, 'degree': 2, 'max_iters': 100, 'offset': False}
With validation accuracy 0.5941414340664759 std 0.011822658004432884


Ranked 3
Parameters
 {'gamma': 1e-08, 'degree': 3, 'max_iters': 100, 'offset': False}
With validation accuracy 0.5920307722655095 std 0.011301461082813371


Ranked 4
Parameters
 {'gamma': 1e-05, 'degree': 3, 'max_iters': 100, 'offset': False}
With validation accuracy 0.5913600946838938 std 0.010576309676792434


Ranked 5
Parameters
 {'gamma': 1e-07, 'degree': 2, 'max_iters': 100, 'offset': False}
With validation accuracy 0.589722852352303 std 0.02454111315350162


--------------------------

Method: Least squares
Ranked 1
Parameters
 {'degree': 8, 'offset': False}
With validation accuracy 0.8345004438307525 std 0.0024415423133272653


Ranked 2
Parameters
 {'degree': 9, 'offset': False}
With validation accuracy 0.8344609922083045 std 0.0026061969921947164


Ranked 3
Parameters
 {'degree': 7, 'offset': False}
With validation accuracy 0.8333168951573133 std 0.0027819688585169863


Ranked 4
Parameters
 {'degree': 6, 'offset': False}
With validation accuracy 0.8319558141828584 std 0.0024410641576977934


Ranked 5
Parameters
 {'degree': 5, 'offset': False}
With validation accuracy 0.831107604300227 std 0.0025942254222741817


--------------------------

Method: Ridge Regression
Ranked 1
Parameters
 {'lambda_': 1e-08, 'degree': 9, 'offset': False}
With validation accuracy 0.8335733307032251 std 0.002329483845465553


Ranked 2
Parameters
 {'lambda_': 1e-08, 'degree': 8, 'offset': False}
With validation accuracy 0.8333168951573133 std 0.0032177871267230025


Ranked 3
Parameters
 {'lambda_': 1e-08, 'degree': 7, 'offset': False}
With validation accuracy 0.8331393628562974 std 0.002999620776056048


Ranked 4
Parameters
 {'lambda_': 1e-07, 'degree': 8, 'offset': False}
With validation accuracy 0.8330407338001775 std 0.002935370389622384


Ranked 5
Parameters
 {'lambda_': 1e-07, 'degree': 9, 'offset': False}
With validation accuracy 0.8329223789328337 std 0.0023638074254179334


--------------------------

Method: Logistic Regression
Ranked 1
Parameters
 {'gamma': 1e-05, 'degree': 5, 'max_iters': 100, 'offset': False, 'initial_w': None}
With validation accuracy 0.7960942893776506 std 0.0029559771488200945


Ranked 2
Parameters
 {'gamma': 1e-05, 'degree': 6, 'max_iters': 100, 'offset': False, 'initial_w': None}
With validation accuracy 0.7958378538317389 std 0.0023281471740914275


Ranked 3
Parameters
 {'gamma': 1e-05, 'degree': 8, 'max_iters': 100, 'offset': False, 'initial_w': None}
With validation accuracy 0.7954038859848112 std 0.0020189827922949518


Ranked 4
Parameters
 {'gamma': 1e-05, 'degree': 4, 'max_iters': 100, 'offset': False, 'initial_w': None}
With validation accuracy 0.7951474504388993 std 0.003570862218585529


Ranked 5
Parameters
 {'gamma': 1e-05, 'degree': 7, 'max_iters': 100, 'offset': False, 'initial_w': None}
With validation accuracy 0.7950093697603314 std 0.002531982876373592


--------------------------

Method: Regularized Logistic Regression

Fixing the learning rate gamma to the values of the best from logistic - otherwise too long
Ranked 1
Parameters
 {'gamma': 1e-05, 'lambda_': 0.1, 'degree': 5, 'max_iters': 100, 'offset': False, 'initial_w': None}
With validation accuracy 0.7961140151888746 std 0.002941990837361039


Ranked 2
Parameters
 {'gamma': 1e-05, 'lambda_': 1e-05, 'degree': 5, 'max_iters': 100, 'offset': False, 'initial_w': None}
With validation accuracy 0.7960942893776506 std 0.0029559771488200945


Ranked 3
Parameters
 {'gamma': 1e-05, 'lambda_': 0.01, 'degree': 5, 'max_iters': 100, 'offset': False, 'initial_w': None}
With validation accuracy 0.7960942893776506 std 0.0029559771488200945


Ranked 4
Parameters
 {'gamma': 1e-05, 'lambda_': 0.001, 'degree': 5, 'max_iters': 100, 'offset': False, 'initial_w': None}
With validation accuracy 0.7960942893776506 std 0.0029559771488200945


Ranked 5
Parameters
 {'gamma': 1e-05, 'lambda_': 0.0001, 'degree': 5, 'max_iters': 100, 'offset': False, 'initial_w': None}
With validation accuracy 0.7960942893776506 std 0.0029559771488200945


--------------------------
Best method: Least square

--------------------------
Done!
